********* QUERY **********
SELECT CronJob()
**************************

********* QUERY **********
SELECT CronJob()
**************************

 cronjob 
---------
 AGAIN
(1 row)

********* QUERY **********
SELECT CronJob()
**************************

 cronjob 
---------
 AGAIN
(1 row)

********* QUERY **********
SELECT CronJob()
**************************

 cronjob 
---------
 AGAIN
(1 row)

********* QUERY **********
SELECT CronJob()
**************************

 AGAIN

********* QUERY **********
SELECT CronJob()
**************************

 AGAIN

********* QUERY **********
SELECT CronJob()
**************************

 AGAIN

********* QUERY **********
SELECT CronJob()
**************************

 AGAIN

********* QUERY **********
SELECT CronJob()
**************************

 AGAIN

********* QUERY **********
SELECT CronJob()
**************************

 AGAIN

********* QUERY **********
SELECT CronJob()
**************************

 AGAIN

********* QUERY **********
SELECT CronJob()
**************************

 AGAIN

********* QUERY **********
SELECT CronJob()
**************************

 AGAIN

********* QUERY **********
SELECT CronJob()
**************************

 AGAIN

********* QUERY **********
SELECT CronJob()
**************************

 AGAIN

********* QUERY **********
SELECT CronJob()
**************************

 AGAIN

********* QUERY **********
SELECT CronJob()
**************************

 AGAIN

********* QUERY **********
SELECT CronJob()
**************************

 AGAIN

********* QUERY **********
SELECT CronJob()
**************************

 AGAIN

********* QUERY **********
SELECT CronJob()
**************************

 AGAIN

********* QUERY **********
SELECT CronJob()
**************************

 AGAIN

********* QUERY **********
SELECT CronJob()
**************************

 AGAIN

********* QUERY **********
SELECT CronJob()
**************************

 AGAIN

********* QUERY **********
SELECT CronJob()
**************************

 AGAIN

********* QUERY **********
SELECT CronJob()
**************************

 AGAIN

********* QUERY **********
SELECT CronJob()
**************************

 AGAIN

********* QUERY **********
SELECT CronJob()
**************************

 AGAIN

********* QUERY **********
SELECT CronJob()
**************************

 AGAIN

********* QUERY **********
SELECT CronJob()
**************************

 AGAIN

********* QUERY **********
SELECT CronJob()
**************************

 AGAIN

********* QUERY **********
SELECT CronJob()
**************************

 AGAIN

********* QUERY **********
SELECT CronJob()
**************************

 AGAIN

********* QUERY **********
SELECT CronJob()
**************************

 AGAIN

********* QUERY **********
SELECT CronJob()
**************************

 AGAIN

********* QUERY **********
SELECT CronJob()
**************************

 AGAIN

********* QUERY **********
SELECT CronJob()
**************************

 AGAIN

********* QUERY **********
SELECT CronJob()
**************************

 AGAIN

********* QUERY **********
SELECT CronJob()
**************************

 AGAIN

********* QUERY **********
SELECT CronJob()
**************************

 AGAIN

********* QUERY **********
SELECT CronJob()
**************************

 AGAIN

********* QUERY **********
SELECT CronJob()
**************************

 AGAIN

********* QUERY **********
SELECT CronJob()
**************************

 AGAIN

********* QUERY **********
SELECT CronJob()
**************************

 AGAIN

********* QUERY **********
SELECT CronJob()
**************************

 DONE

********* QUERY **********
SELECT CronJob()
**************************

 DONE

********* QUERY **********
SELECT CronJob()
**************************

 DONE

